<?xml version="1.0" encoding="UTF-8"?>
<!-- Generated by org.testng.reporters.JUnitXMLReporter -->
<testsuite hostname="DESKTOP-J2TI704" name="Test" tests="3" failures="0" timestamp="29 Mar 2019 16:54:54 GMT" time="82.872" errors="0">
  <testcase name="validateLoginFunctionality" time="62.38" classname="seleniumTestScenarios.loginTestPF"/>
  <testcase name="validateCompanyFunctionality" time="13.999" classname="seleniumTestScenarios.companiesTestPF"/>
  <testcase name="validateImportFunctionality" time="6.426" classname="seleniumTestScenarios.ImportFileTestPF"/>
</testsuite> <!-- Test -->
